<?xml version="1.0" encoding="UTF-8"?>
<testng-results skipped="0" failed="0" ignored="0" total="2" passed="2">
  <reporter-output>
  </reporter-output>
  <suite name="Default suite" duration-ms="22552" started-at="2020-05-27T19:52:09 EDT" finished-at="2020-05-27T19:52:32 EDT">
    <groups>
    </groups>
    <test name="Default test" duration-ms="22552" started-at="2020-05-27T19:52:09 EDT" finished-at="2020-05-27T19:52:32 EDT">
      <class name="com.class03.DataProviderDemo">
        <test-method status="PASS" signature="setUp()[pri:0, instance:com.class03.DataProviderDemo@3b084709]" name="setUp" is-config="true" duration-ms="4939" started-at="2020-05-27T19:52:10 EDT" finished-at="2020-05-27T19:52:14 EDT">
          <reporter-output>
          </reporter-output>
        </test-method> <!-- setUp -->
        <test-method status="PASS" signature="login(java.lang.String, java.lang.String, int)[pri:0, instance:com.class03.DataProviderDemo@3b084709]" name="login" duration-ms="4689" started-at="2020-05-27T19:52:14 EDT" data-provider="getData" finished-at="2020-05-27T19:52:19 EDT">
          <params>
            <param index="0">
              <value>
                <![CDATA[Admin]]>
              </value>
            </param>
            <param index="1">
              <value>
                <![CDATA[Hum@nhrm123]]>
              </value>
            </param>
            <param index="2">
              <value>
                <![CDATA[23]]>
              </value>
            </param>
          </params>
          <reporter-output>
          </reporter-output>
        </test-method> <!-- login -->
        <test-method status="PASS" signature="tearDown()[pri:0, instance:com.class03.DataProviderDemo@3b084709]" name="tearDown" is-config="true" duration-ms="136" started-at="2020-05-27T19:52:19 EDT" finished-at="2020-05-27T19:52:19 EDT">
          <reporter-output>
          </reporter-output>
        </test-method> <!-- tearDown -->
        <test-method status="PASS" signature="setUp()[pri:0, instance:com.class03.DataProviderDemo@3b084709]" name="setUp" is-config="true" duration-ms="6154" started-at="2020-05-27T19:52:19 EDT" finished-at="2020-05-27T19:52:25 EDT">
          <reporter-output>
          </reporter-output>
        </test-method> <!-- setUp -->
        <test-method status="PASS" signature="login(java.lang.String, java.lang.String, int)[pri:0, instance:com.class03.DataProviderDemo@3b084709]" name="login" duration-ms="6449" started-at="2020-05-27T19:52:25 EDT" data-provider="getData" finished-at="2020-05-27T19:52:32 EDT">
          <params>
            <param index="0">
              <value>
                <![CDATA[Syntax]]>
              </value>
            </param>
            <param index="1">
              <value>
                <![CDATA[Syntax123!]]>
              </value>
            </param>
            <param index="2">
              <value>
                <![CDATA[25]]>
              </value>
            </param>
          </params>
          <reporter-output>
          </reporter-output>
        </test-method> <!-- login -->
        <test-method status="PASS" signature="tearDown()[pri:0, instance:com.class03.DataProviderDemo@3b084709]" name="tearDown" is-config="true" duration-ms="139" started-at="2020-05-27T19:52:32 EDT" finished-at="2020-05-27T19:52:32 EDT">
          <reporter-output>
          </reporter-output>
        </test-method> <!-- tearDown -->
      </class> <!-- com.class03.DataProviderDemo -->
    </test> <!-- Default test -->
  </suite> <!-- Default suite -->
</testng-results>
